<?xml version="1.0" encoding="UTF-8"?>
<testsuite xmlns:xsi="http://www.w3.org/2001/XMLSchema-instance" xsi:noNamespaceSchemaLocation="https://maven.apache.org/surefire/maven-surefire-plugin/xsd/surefire-test-report.xsd" name="edu.uclm.esi.iso2.banco20193capas.TestCuentaConFixtures" time="6.717" tests="106" errors="0" skipped="0" failures="31">
  <properties>
[...]
</properties>
  <testcase name="testNormal13" classname="edu.uclm.esi.iso2.banco20193capas.TestCuentaConFixtures" time="0"/>
  <testcase name="testNormal14" classname="edu.uclm.esi.iso2.banco20193capas.TestCuentaConFixtures" time="0"/>
  <testcase name="testNormal17" classname="edu.uclm.esi.iso2.banco20193capas.TestCuentaConFixtures" time="0"/>
  <testcase name="testNormal18" classname="edu.uclm.esi.iso2.banco20193capas.TestCuentaConFixtures" time="0"/>
  <testcase name="testSaldoInsuficienteException19" classname="edu.uclm.esi.iso2.banco20193capas.TestCuentaConFixtures" time="0.047"/>
  <testcase name="testSaldoInsuficienteException20" classname="edu.uclm.esi.iso2.banco20193capas.TestCuentaConFixtures" time="0.172"/>
  <testcase name="testSaldoInsuficienteException42" classname="edu.uclm.esi.iso2.banco20193capas.TestCuentaConFixtures" time="0.109"/>
  <testcase name="testSaldoInsuficienteException43" classname="edu.uclm.esi.iso2.banco20193capas.TestCuentaConFixtures" time="0.11"/>
  <testcase name="testImporteInvalido1" classname="edu.uclm.esi.iso2.banco20193capas.TestCuentaConFixtures" time="0.109"/>
  <testcase name="testImporteInvalido2" classname="edu.uclm.esi.iso2.banco20193capas.TestCuentaConFixtures" time="0.125"/>
  <testcase name="testImporteInvalido3" classname="edu.uclm.esi.iso2.banco20193capas.TestCuentaConFixtures" time="0.124"/>
  <testcase name="testImporteInvalido4" classname="edu.uclm.esi.iso2.banco20193capas.TestCuentaConFixtures" time="0.141"/>
  <testcase name="testImporteInvalido5" classname="edu.uclm.esi.iso2.banco20193capas.TestCuentaConFixtures" time="0.125"/>
  <testcase name="testImporteInvalido6" classname="edu.uclm.esi.iso2.banco20193capas.TestCuentaConFixtures" time="0.094"/>
  <testcase name="testImporteInvalido7" classname="edu.uclm.esi.iso2.banco20193capas.TestCuentaConFixtures" time="0.094"/>
  <testcase name="testImporteInvalido8" classname="edu.uclm.esi.iso2.banco20193capas.TestCuentaConFixtures" time="0.078"/>
  <testcase name="testImporteInvalido9" classname="edu.uclm.esi.iso2.banco20193capas.TestCuentaConFixtures" time="0.078"/>
  <testcase name="testImporteInvalido12" classname="edu.uclm.esi.iso2.banco20193capas.TestCuentaConFixtures" time="0.078"/>
  <testcase name="testImporteInvalido15" classname="edu.uclm.esi.iso2.banco20193capas.TestCuentaConFixtures" time="0.063"/>
  <testcase name="testImporteInvalido21" classname="edu.uclm.esi.iso2.banco20193capas.TestCuentaConFixtures" time="0.078"/>
  <testcase name="testImporteInvalido22" classname="edu.uclm.esi.iso2.banco20193capas.TestCuentaConFixtures" time="0.078"/>
  <testcase name="testImporteInvalido23" classname="edu.uclm.esi.iso2.banco20193capas.TestCuentaConFixtures" time="0.078"/>
  <testcase name="testImporteInvalido24" classname="edu.uclm.esi.iso2.banco20193capas.TestCuentaConFixtures" time="0.078"/>
  <testcase name="testImporteInvalido25" classname="edu.uclm.esi.iso2.banco20193capas.TestCuentaConFixtures" time="0.078"/>
  <testcase name="testImporteInvalido26" classname="edu.uclm.esi.iso2.banco20193capas.TestCuentaConFixtures" time="0.078"/>
  <testcase name="testImporteInvalido29" classname="edu.uclm.esi.iso2.banco20193capas.TestCuentaConFixtures" time="0.219"/>
  <testcase name="testImporteInvalido30" classname="edu.uclm.esi.iso2.banco20193capas.TestCuentaConFixtures" time="0.094"/>
  <testcase name="testImporteInvalido31" classname="edu.uclm.esi.iso2.banco20193capas.TestCuentaConFixtures" time="0.078"/>
  <testcase name="testImporteInvalido36" classname="edu.uclm.esi.iso2.banco20193capas.TestCuentaConFixtures" time="0.062"/>
  <testcase name="testImporteInvalido37" classname="edu.uclm.esi.iso2.banco20193capas.TestCuentaConFixtures" time="0.063"/>
  <testcase name="testImporteInvalido38" classname="edu.uclm.esi.iso2.banco20193capas.TestCuentaConFixtures" time="0.078"/>
  <testcase name="testImporteInvalido41" classname="edu.uclm.esi.iso2.banco20193capas.TestCuentaConFixtures" time="0.078"/>
  <testcase name="testImporteInvalido46" classname="edu.uclm.esi.iso2.banco20193capas.TestCuentaConFixtures" time="0.062"/>
  <testcase name="testImporteInvalido47" classname="edu.uclm.esi.iso2.banco20193capas.TestCuentaConFixtures" time="0.063"/>
  <testcase name="testImporteInvalido48" classname="edu.uclm.esi.iso2.banco20193capas.TestCuentaConFixtures" time="0.078"/>
  <testcase name="testImporteInvalido49" classname="edu.uclm.esi.iso2.banco20193capas.TestCuentaConFixtures" time="0.062"/>
  <testcase name="testImporteInvalido50" classname="edu.uclm.esi.iso2.banco20193capas.TestCuentaConFixtures" time="0.063"/>
  <testcase name="testImporteInvalido51" classname="edu.uclm.esi.iso2.banco20193capas.TestCuentaConFixtures" time="0.047"/>
  <testcase name="testImporteInvalido54" classname="edu.uclm.esi.iso2.banco20193capas.TestCuentaConFixtures" time="0.047"/>
  <testcase name="testImporteInvalido55" classname="edu.uclm.esi.iso2.banco20193capas.TestCuentaConFixtures" time="0.062"/>
  <testcase name="testImporteInvalido61" classname="edu.uclm.esi.iso2.banco20193capas.TestCuentaConFixtures" time="0.063"/>
  <testcase name="testImporteInvalido62" classname="edu.uclm.esi.iso2.banco20193capas.TestCuentaConFixtures" time="0.078"/>
  <testcase name="testImporteInvalido66" classname="edu.uclm.esi.iso2.banco20193capas.TestCuentaConFixtures" time="0.093"/>
  <testcase name="testImporteInvalido75" classname="edu.uclm.esi.iso2.banco20193capas.TestCuentaConFixtures" time="0.063"/>
  <testcase name="testImporteInvalido10_B" classname="edu.uclm.esi.iso2.banco20193capas.TestCuentaConFixtures" time="0.062"/>
  <testcase name="testImporteInvalido11_B" classname="edu.uclm.esi.iso2.banco20193capas.TestCuentaConFixtures" time="0.094"/>
  <testcase name="testImporteInvalido16_B" classname="edu.uclm.esi.iso2.banco20193capas.TestCuentaConFixtures" time="0.062"/>
  <testcase name="testImporteInvalido27_B" classname="edu.uclm.esi.iso2.banco20193capas.TestCuentaConFixtures" time="0.063"/>
  <testcase name="testImporteInvalido28_B" classname="edu.uclm.esi.iso2.banco20193capas.TestCuentaConFixtures" time="0.062"/>
  <testcase name="testImporteInvalido32_B" classname="edu.uclm.esi.iso2.banco20193capas.TestCuentaConFixtures" time="0.047"/>
  <testcase name="testImporteInvalido33_B" classname="edu.uclm.esi.iso2.banco20193capas.TestCuentaConFixtures" time="0.063"/>
  <testcase name="testImporteInvalido34_B" classname="edu.uclm.esi.iso2.banco20193capas.TestCuentaConFixtures" time="0.046"/>
  <testcase name="testImporteInvalido35_B" classname="edu.uclm.esi.iso2.banco20193capas.TestCuentaConFixtures" time="0.047"/>
  <testcase name="testImporteInvalido39_B" classname="edu.uclm.esi.iso2.banco20193capas.TestCuentaConFixtures" time="0.063">
    <failure message="Se esperaba ImporteInvalidoException, pero se lanzó edu.uclm.esi.iso2.banco20193capas.exceptions.SaldoInsuficienteException: Saldo insuficiente para el importe solicitado" type="junit.framework.AssertionFailedError">junit.framework.AssertionFailedError: Se esperaba ImporteInvalidoException, pero se lanzó edu.uclm.esi.iso2.banco20193capas.exceptions.SaldoInsuficienteException: Saldo insuficiente para el importe solicitado
	at edu.uclm.esi.iso2.banco20193capas.TestCuentaConFixtures.testImporteInvalido39_B(TestCuentaConFixtures.java:925)
</failure>
  </testcase>
  <testcase name="testImporteInvalido40_B" classname="edu.uclm.esi.iso2.banco20193capas.TestCuentaConFixtures" time="0.047"/>
  <testcase name="testImporteInvalido44_B" classname="edu.uclm.esi.iso2.banco20193capas.TestCuentaConFixtures" time="0.047"/>
  <testcase name="testImporteInvalido45_B" classname="edu.uclm.esi.iso2.banco20193capas.TestCuentaConFixtures" time="0.031"/>
  <testcase name="testImporteInvalido52_B" classname="edu.uclm.esi.iso2.banco20193capas.TestCuentaConFixtures" time="0.047"/>
  <testcase name="testImporteInvalido53_B" classname="edu.uclm.esi.iso2.banco20193capas.TestCuentaConFixtures" time="0.047"/>
  <testcase name="testImporteInvalido56_B" classname="edu.uclm.esi.iso2.banco20193capas.TestCuentaConFixtures" time="0.031"/>
  <testcase name="testImporteInvalido57_B" classname="edu.uclm.esi.iso2.banco20193capas.TestCuentaConFixtures" time="0.031"/>
  <testcase name="testImporteInvalido58_B" classname="edu.uclm.esi.iso2.banco20193capas.TestCuentaConFixtures" time="0.063"/>
  <testcase name="testImporteInvalido59_B" classname="edu.uclm.esi.iso2.banco20193capas.TestCuentaConFixtures" time="0.047"/>
  <testcase name="testImporteInvalido60_B" classname="edu.uclm.esi.iso2.banco20193capas.TestCuentaConFixtures" time="0.046"/>
  <testcase name="testImporteInvalido63_B" classname="edu.uclm.esi.iso2.banco20193capas.TestCuentaConFixtures" time="0.047"/>
  <testcase name="testImporteInvalido64_B" classname="edu.uclm.esi.iso2.banco20193capas.TestCuentaConFixtures" time="0.047">
    <failure message="Se esperaba ImporteInvalidoException, pero se lanzó edu.uclm.esi.iso2.banco20193capas.exceptions.SaldoInsuficienteException: Saldo insuficiente para el importe solicitado" type="junit.framework.AssertionFailedError">junit.framework.AssertionFailedError: Se esperaba ImporteInvalidoException, pero se lanzó edu.uclm.esi.iso2.banco20193capas.exceptions.SaldoInsuficienteException: Saldo insuficiente para el importe solicitado
	at edu.uclm.esi.iso2.banco20193capas.TestCuentaConFixtures.testImporteInvalido64_B(TestCuentaConFixtures.java:1683)
</failure>
  </testcase>
  <testcase name="testImporteInvalido65_B" classname="edu.uclm.esi.iso2.banco20193capas.TestCuentaConFixtures" time="0.063"/>
  <testcase name="testImporteInvalido67_B" classname="edu.uclm.esi.iso2.banco20193capas.TestCuentaConFixtures" time="0.062">
    <failure message="Se esperaba ImporteInvalidoException, pero se lanzó edu.uclm.esi.iso2.banco20193capas.exceptions.SaldoInsuficienteException: Saldo insuficiente para el importe solicitado" type="junit.framework.AssertionFailedError">junit.framework.AssertionFailedError: Se esperaba ImporteInvalidoException, pero se lanzó edu.uclm.esi.iso2.banco20193capas.exceptions.SaldoInsuficienteException: Saldo insuficiente para el importe solicitado
	at edu.uclm.esi.iso2.banco20193capas.TestCuentaConFixtures.testImporteInvalido67_B(TestCuentaConFixtures.java:1789)
</failure>
  </testcase>
  <testcase name="testImporteInvalido68_B" classname="edu.uclm.esi.iso2.banco20193capas.TestCuentaConFixtures" time="0.078">
    <failure message="Se esperaba ImporteInvalidoException, pero se lanzó edu.uclm.esi.iso2.banco20193capas.exceptions.SaldoInsuficienteException: Saldo insuficiente para el importe solicitado" type="junit.framework.AssertionFailedError">junit.framework.AssertionFailedError: Se esperaba ImporteInvalidoException, pero se lanzó edu.uclm.esi.iso2.banco20193capas.exceptions.SaldoInsuficienteException: Saldo insuficiente para el importe solicitado
	at edu.uclm.esi.iso2.banco20193capas.TestCuentaConFixtures.testImporteInvalido68_B(TestCuentaConFixtures.java:1832)
</failure>
  </testcase>
  <testcase name="testImporteInvalido69_B" classname="edu.uclm.esi.iso2.banco20193capas.TestCuentaConFixtures" time="0.063"/>
  <testcase name="testImporteInvalido70_B" classname="edu.uclm.esi.iso2.banco20193capas.TestCuentaConFixtures" time="0.047"/>
  <testcase name="testImporteInvalido71_B" classname="edu.uclm.esi.iso2.banco20193capas.TestCuentaConFixtures" time="0.062"/>
  <testcase name="testImporteInvalido72_B" classname="edu.uclm.esi.iso2.banco20193capas.TestCuentaConFixtures" time="0.047"/>
  <testcase name="testImporteInvalido73_B" classname="edu.uclm.esi.iso2.banco20193capas.TestCuentaConFixtures" time="0.031"/>
  <testcase name="testImporteInvalido74_B" classname="edu.uclm.esi.iso2.banco20193capas.TestCuentaConFixtures" time="0.047"/>
  <testcase name="testSaldoInsuficienteException10_A" classname="edu.uclm.esi.iso2.banco20193capas.TestCuentaConFixtures" time="0.047">
    <failure message="Se esperaba SaldoInsuficienteException, pero se lanzó edu.uclm.esi.iso2.banco20193capas.exceptions.ImporteInvalidoException: El importe -1.0 no es válido para esta operación" type="junit.framework.AssertionFailedError">junit.framework.AssertionFailedError: Se esperaba SaldoInsuficienteException, pero se lanzó edu.uclm.esi.iso2.banco20193capas.exceptions.ImporteInvalidoException: El importe -1.0 no es válido para esta operación
	at edu.uclm.esi.iso2.banco20193capas.TestCuentaConFixtures.testSaldoInsuficienteException10_A(TestCuentaConFixtures.java:222)
</failure>
  </testcase>
  <testcase name="testSaldoInsuficienteException11_A" classname="edu.uclm.esi.iso2.banco20193capas.TestCuentaConFixtures" time="0.031">
    <failure message="Se esperaba SaldoInsuficienteException, pero se lanzó edu.uclm.esi.iso2.banco20193capas.exceptions.ImporteInvalidoException: El importe -1.0 no es válido para esta operación" type="junit.framework.AssertionFailedError">junit.framework.AssertionFailedError: Se esperaba SaldoInsuficienteException, pero se lanzó edu.uclm.esi.iso2.banco20193capas.exceptions.ImporteInvalidoException: El importe -1.0 no es válido para esta operación
	at edu.uclm.esi.iso2.banco20193capas.TestCuentaConFixtures.testSaldoInsuficienteException11_A(TestCuentaConFixtures.java:257)
</failure>
  </testcase>
  <testcase name="testSaldoInsuficienteException16_A" classname="edu.uclm.esi.iso2.banco20193capas.TestCuentaConFixtures" time="0.031">
    <failure message="Se esperaba SaldoInsuficienteException, pero se lanzó edu.uclm.esi.iso2.banco20193capas.exceptions.ImporteInvalidoException: El importe 0.0 no es válido para esta operación" type="junit.framework.AssertionFailedError">junit.framework.AssertionFailedError: Se esperaba SaldoInsuficienteException, pero se lanzó edu.uclm.esi.iso2.banco20193capas.exceptions.ImporteInvalidoException: El importe 0.0 no es válido para esta operación
	at edu.uclm.esi.iso2.banco20193capas.TestCuentaConFixtures.testSaldoInsuficienteException16_A(TestCuentaConFixtures.java:356)
</failure>
  </testcase>
  <testcase name="testSaldoInsuficienteException27_A" classname="edu.uclm.esi.iso2.banco20193capas.TestCuentaConFixtures" time="0.031">
    <failure message="Se esperaba SaldoInsuficienteException, pero se lanzó edu.uclm.esi.iso2.banco20193capas.exceptions.ImporteInvalidoException: El importe -1.0 no es válido para esta operación" type="junit.framework.AssertionFailedError">junit.framework.AssertionFailedError: Se esperaba SaldoInsuficienteException, pero se lanzó edu.uclm.esi.iso2.banco20193capas.exceptions.ImporteInvalidoException: El importe -1.0 no es válido para esta operación
	at edu.uclm.esi.iso2.banco20193capas.TestCuentaConFixtures.testSaldoInsuficienteException27_A(TestCuentaConFixtures.java:565)
</failure>
  </testcase>
  <testcase name="testSaldoInsuficienteException28_A" classname="edu.uclm.esi.iso2.banco20193capas.TestCuentaConFixtures" time="0.047">
    <failure message="Se esperaba SaldoInsuficienteException, pero se lanzó edu.uclm.esi.iso2.banco20193capas.exceptions.ImporteInvalidoException: El importe -1.0 no es válido para esta operación" type="junit.framework.AssertionFailedError">junit.framework.AssertionFailedError: Se esperaba SaldoInsuficienteException, pero se lanzó edu.uclm.esi.iso2.banco20193capas.exceptions.ImporteInvalidoException: El importe -1.0 no es válido para esta operación
	at edu.uclm.esi.iso2.banco20193capas.TestCuentaConFixtures.testSaldoInsuficienteException28_A(TestCuentaConFixtures.java:604)
</failure>
  </testcase>
  <testcase name="testSaldoInsuficienteException32_A" classname="edu.uclm.esi.iso2.banco20193capas.TestCuentaConFixtures" time="0.031">
    <failure message="Se esperaba SaldoInsuficienteException, pero se lanzó edu.uclm.esi.iso2.banco20193capas.exceptions.ImporteInvalidoException: El importe 0.0 no es válido para esta operación" type="junit.framework.AssertionFailedError">junit.framework.AssertionFailedError: Se esperaba SaldoInsuficienteException, pero se lanzó edu.uclm.esi.iso2.banco20193capas.exceptions.ImporteInvalidoException: El importe 0.0 no es válido para esta operación
	at edu.uclm.esi.iso2.banco20193capas.TestCuentaConFixtures.testSaldoInsuficienteException32_A(TestCuentaConFixtures.java:697)
</failure>
  </testcase>
  <testcase name="testSaldoInsuficienteException33_A" classname="edu.uclm.esi.iso2.banco20193capas.TestCuentaConFixtures" time="0.047">
    <failure message="Se esperaba SaldoInsuficienteException, pero se lanzó edu.uclm.esi.iso2.banco20193capas.exceptions.ImporteInvalidoException: El importe 0.0 no es válido para esta operación" type="junit.framework.AssertionFailedError">junit.framework.AssertionFailedError: Se esperaba SaldoInsuficienteException, pero se lanzó edu.uclm.esi.iso2.banco20193capas.exceptions.ImporteInvalidoException: El importe 0.0 no es válido para esta operación
	at edu.uclm.esi.iso2.banco20193capas.TestCuentaConFixtures.testSaldoInsuficienteException33_A(TestCuentaConFixtures.java:736)
</failure>
  </testcase>
  <testcase name="testSaldoInsuficienteException34_A" classname="edu.uclm.esi.iso2.banco20193capas.TestCuentaConFixtures" time="0.031">
    <failure message="Se esperaba SaldoInsuficienteException, pero se lanzó edu.uclm.esi.iso2.banco20193capas.exceptions.ImporteInvalidoException: El importe 0.0 no es válido para esta operación" type="junit.framework.AssertionFailedError">junit.framework.AssertionFailedError: Se esperaba SaldoInsuficienteException, pero se lanzó edu.uclm.esi.iso2.banco20193capas.exceptions.ImporteInvalidoException: El importe 0.0 no es válido para esta operación
	at edu.uclm.esi.iso2.banco20193capas.TestCuentaConFixtures.testSaldoInsuficienteException34_A(TestCuentaConFixtures.java:775)
</failure>
  </testcase>
  <testcase name="testSaldoInsuficienteException35_A" classname="edu.uclm.esi.iso2.banco20193capas.TestCuentaConFixtures" time="0.078">
    <failure message="Se esperaba SaldoInsuficienteException, pero se lanzó edu.uclm.esi.iso2.banco20193capas.exceptions.ImporteInvalidoException: El importe 0.0 no es válido para esta operación" type="junit.framework.AssertionFailedError">junit.framework.AssertionFailedError: Se esperaba SaldoInsuficienteException, pero se lanzó edu.uclm.esi.iso2.banco20193capas.exceptions.ImporteInvalidoException: El importe 0.0 no es válido para esta operación
	at edu.uclm.esi.iso2.banco20193capas.TestCuentaConFixtures.testSaldoInsuficienteException35_A(TestCuentaConFixtures.java:814)
</failure>
  </testcase>
  <testcase name="testSaldoInsuficienteException39_A" classname="edu.uclm.esi.iso2.banco20193capas.TestCuentaConFixtures" time="0.047"/>
  <testcase name="testSaldoInsuficienteException40_A" classname="edu.uclm.esi.iso2.banco20193capas.TestCuentaConFixtures" time="0.062">
    <failure message="Se esperaba SaldoInsuficienteException, pero se lanzó edu.uclm.esi.iso2.banco20193capas.exceptions.ImporteInvalidoException: El importe 0.0 no es válido para esta operación" type="junit.framework.AssertionFailedError">junit.framework.AssertionFailedError: Se esperaba SaldoInsuficienteException, pero se lanzó edu.uclm.esi.iso2.banco20193capas.exceptions.ImporteInvalidoException: El importe 0.0 no es válido para esta operación
	at edu.uclm.esi.iso2.banco20193capas.TestCuentaConFixtures.testSaldoInsuficienteException40_A(TestCuentaConFixtures.java:946)
</failure>
  </testcase>
  <testcase name="testSaldoInsuficienteException44_A" classname="edu.uclm.esi.iso2.banco20193capas.TestCuentaConFixtures" time="0.047">
    <failure message="Se esperaba SaldoInsuficienteException, pero se lanzó edu.uclm.esi.iso2.banco20193capas.exceptions.ImporteInvalidoException: El importe -1.0 no es válido para esta operación" type="junit.framework.AssertionFailedError">junit.framework.AssertionFailedError: Se esperaba SaldoInsuficienteException, pero se lanzó edu.uclm.esi.iso2.banco20193capas.exceptions.ImporteInvalidoException: El importe -1.0 no es válido para esta operación
	at edu.uclm.esi.iso2.banco20193capas.TestCuentaConFixtures.testSaldoInsuficienteException44_A(TestCuentaConFixtures.java:1039)
</failure>
  </testcase>
  <testcase name="testSaldoInsuficienteException45_A" classname="edu.uclm.esi.iso2.banco20193capas.TestCuentaConFixtures" time="0.047">
    <failure message="Se esperaba SaldoInsuficienteException, pero se lanzó edu.uclm.esi.iso2.banco20193capas.exceptions.ImporteInvalidoException: El importe -1.0 no es válido para esta operación" type="junit.framework.AssertionFailedError">junit.framework.AssertionFailedError: Se esperaba SaldoInsuficienteException, pero se lanzó edu.uclm.esi.iso2.banco20193capas.exceptions.ImporteInvalidoException: El importe -1.0 no es válido para esta operación
	at edu.uclm.esi.iso2.banco20193capas.TestCuentaConFixtures.testSaldoInsuficienteException45_A(TestCuentaConFixtures.java:1078)
</failure>
  </testcase>
  <testcase name="testSaldoInsuficienteException52_A" classname="edu.uclm.esi.iso2.banco20193capas.TestCuentaConFixtures" time="0.031">
    <failure message="Se esperaba SaldoInsuficienteException, pero se lanzó edu.uclm.esi.iso2.banco20193capas.exceptions.ImporteInvalidoException: El importe -1.0 no es válido para esta operación" type="junit.framework.AssertionFailedError">junit.framework.AssertionFailedError: Se esperaba SaldoInsuficienteException, pero se lanzó edu.uclm.esi.iso2.banco20193capas.exceptions.ImporteInvalidoException: El importe -1.0 no es válido para esta operación
	at edu.uclm.esi.iso2.banco20193capas.TestCuentaConFixtures.testSaldoInsuficienteException52_A(TestCuentaConFixtures.java:1239)
</failure>
  </testcase>
  <testcase name="testSaldoInsuficienteException53_A" classname="edu.uclm.esi.iso2.banco20193capas.TestCuentaConFixtures" time="0.047">
    <failure message="Se esperaba SaldoInsuficienteException, pero se lanzó edu.uclm.esi.iso2.banco20193capas.exceptions.ImporteInvalidoException: El importe -1.0 no es válido para esta operación" type="junit.framework.AssertionFailedError">junit.framework.AssertionFailedError: Se esperaba SaldoInsuficienteException, pero se lanzó edu.uclm.esi.iso2.banco20193capas.exceptions.ImporteInvalidoException: El importe -1.0 no es válido para esta operación
	at edu.uclm.esi.iso2.banco20193capas.TestCuentaConFixtures.testSaldoInsuficienteException53_A(TestCuentaConFixtures.java:1282)
</failure>
  </testcase>
  <testcase name="testSaldoInsuficienteException56_A" classname="edu.uclm.esi.iso2.banco20193capas.TestCuentaConFixtures" time="0.047">
    <failure message="Se esperaba SaldoInsuficienteException, pero se lanzó edu.uclm.esi.iso2.banco20193capas.exceptions.ImporteInvalidoException: El importe 0.0 no es válido para esta operación" type="junit.framework.AssertionFailedError">junit.framework.AssertionFailedError: Se esperaba SaldoInsuficienteException, pero se lanzó edu.uclm.esi.iso2.banco20193capas.exceptions.ImporteInvalidoException: El importe 0.0 no es válido para esta operación
	at edu.uclm.esi.iso2.banco20193capas.TestCuentaConFixtures.testSaldoInsuficienteException56_A(TestCuentaConFixtures.java:1365)
</failure>
  </testcase>
  <testcase name="testSaldoInsuficienteException57_A" classname="edu.uclm.esi.iso2.banco20193capas.TestCuentaConFixtures" time="0.047">
    <failure message="Se esperaba SaldoInsuficienteException, pero se lanzó edu.uclm.esi.iso2.banco20193capas.exceptions.ImporteInvalidoException: El importe 0.0 no es válido para esta operación" type="junit.framework.AssertionFailedError">junit.framework.AssertionFailedError: Se esperaba SaldoInsuficienteException, pero se lanzó edu.uclm.esi.iso2.banco20193capas.exceptions.ImporteInvalidoException: El importe 0.0 no es válido para esta operación
	at edu.uclm.esi.iso2.banco20193capas.TestCuentaConFixtures.testSaldoInsuficienteException57_A(TestCuentaConFixtures.java:1408)
</failure>
  </testcase>
  <testcase name="testSaldoInsuficienteException58_A" classname="edu.uclm.esi.iso2.banco20193capas.TestCuentaConFixtures" time="0.047">
    <failure message="Se esperaba SaldoInsuficienteException, pero se lanzó edu.uclm.esi.iso2.banco20193capas.exceptions.ImporteInvalidoException: El importe 0.0 no es válido para esta operación" type="junit.framework.AssertionFailedError">junit.framework.AssertionFailedError: Se esperaba SaldoInsuficienteException, pero se lanzó edu.uclm.esi.iso2.banco20193capas.exceptions.ImporteInvalidoException: El importe 0.0 no es válido para esta operación
	at edu.uclm.esi.iso2.banco20193capas.TestCuentaConFixtures.testSaldoInsuficienteException58_A(TestCuentaConFixtures.java:1451)
</failure>
  </testcase>
  <testcase name="testSaldoInsuficienteException59_A" classname="edu.uclm.esi.iso2.banco20193capas.TestCuentaConFixtures" time="0.047">
    <failure message="Se esperaba SaldoInsuficienteException, pero se lanzó edu.uclm.esi.iso2.banco20193capas.exceptions.ImporteInvalidoException: El importe 0.0 no es válido para esta operación" type="junit.framework.AssertionFailedError">junit.framework.AssertionFailedError: Se esperaba SaldoInsuficienteException, pero se lanzó edu.uclm.esi.iso2.banco20193capas.exceptions.ImporteInvalidoException: El importe 0.0 no es válido para esta operación
	at edu.uclm.esi.iso2.banco20193capas.TestCuentaConFixtures.testSaldoInsuficienteException59_A(TestCuentaConFixtures.java:1494)
</failure>
  </testcase>
  <testcase name="testSaldoInsuficienteException60_A" classname="edu.uclm.esi.iso2.banco20193capas.TestCuentaConFixtures" time="0.046">
    <failure message="Se esperaba SaldoInsuficienteException, pero se lanzó edu.uclm.esi.iso2.banco20193capas.exceptions.ImporteInvalidoException: El importe 0.0 no es válido para esta operación" type="junit.framework.AssertionFailedError">junit.framework.AssertionFailedError: Se esperaba SaldoInsuficienteException, pero se lanzó edu.uclm.esi.iso2.banco20193capas.exceptions.ImporteInvalidoException: El importe 0.0 no es válido para esta operación
	at edu.uclm.esi.iso2.banco20193capas.TestCuentaConFixtures.testSaldoInsuficienteException60_A(TestCuentaConFixtures.java:1537)
</failure>
  </testcase>
  <testcase name="testSaldoInsuficienteException63_A" classname="edu.uclm.esi.iso2.banco20193capas.TestCuentaConFixtures" time="0.063">
    <failure message="Se esperaba SaldoInsuficienteException, pero se lanzó edu.uclm.esi.iso2.banco20193capas.exceptions.ImporteInvalidoException: El importe 0.0 no es válido para esta operación" type="junit.framework.AssertionFailedError">junit.framework.AssertionFailedError: Se esperaba SaldoInsuficienteException, pero se lanzó edu.uclm.esi.iso2.banco20193capas.exceptions.ImporteInvalidoException: El importe 0.0 no es válido para esta operación
	at edu.uclm.esi.iso2.banco20193capas.TestCuentaConFixtures.testSaldoInsuficienteException63_A(TestCuentaConFixtures.java:1620)
</failure>
  </testcase>
  <testcase name="testSaldoInsuficienteException64_A" classname="edu.uclm.esi.iso2.banco20193capas.TestCuentaConFixtures" time="0.078"/>
  <testcase name="testSaldoInsuficienteException65_A" classname="edu.uclm.esi.iso2.banco20193capas.TestCuentaConFixtures" time="0.047">
    <failure message="Se esperaba SaldoInsuficienteException, pero se lanzó edu.uclm.esi.iso2.banco20193capas.exceptions.ImporteInvalidoException: El importe 0.0 no es válido para esta operación" type="junit.framework.AssertionFailedError">junit.framework.AssertionFailedError: Se esperaba SaldoInsuficienteException, pero se lanzó edu.uclm.esi.iso2.banco20193capas.exceptions.ImporteInvalidoException: El importe 0.0 no es válido para esta operación
	at edu.uclm.esi.iso2.banco20193capas.TestCuentaConFixtures.testSaldoInsuficienteException65_A(TestCuentaConFixtures.java:1706)
</failure>
  </testcase>
  <testcase name="testSaldoInsuficienteException67_A" classname="edu.uclm.esi.iso2.banco20193capas.TestCuentaConFixtures" time="0.062"/>
  <testcase name="testSaldoInsuficienteException68_A" classname="edu.uclm.esi.iso2.banco20193capas.TestCuentaConFixtures" time="0.062"/>
  <testcase name="testSaldoInsuficienteException69_A" classname="edu.uclm.esi.iso2.banco20193capas.TestCuentaConFixtures" time="0.047">
    <failure message="Se esperaba SaldoInsuficienteException, pero se lanzó edu.uclm.esi.iso2.banco20193capas.exceptions.ImporteInvalidoException: El importe -1.0 no es válido para esta operación" type="junit.framework.AssertionFailedError">junit.framework.AssertionFailedError: Se esperaba SaldoInsuficienteException, pero se lanzó edu.uclm.esi.iso2.banco20193capas.exceptions.ImporteInvalidoException: El importe -1.0 no es válido para esta operación
	at edu.uclm.esi.iso2.banco20193capas.TestCuentaConFixtures.testSaldoInsuficienteException69_A(TestCuentaConFixtures.java:1855)
</failure>
  </testcase>
  <testcase name="testSaldoInsuficienteException70_A" classname="edu.uclm.esi.iso2.banco20193capas.TestCuentaConFixtures" time="0.032">
    <failure message="Se esperaba SaldoInsuficienteException, pero se lanzó edu.uclm.esi.iso2.banco20193capas.exceptions.ImporteInvalidoException: El importe -1.0 no es válido para esta operación" type="junit.framework.AssertionFailedError">junit.framework.AssertionFailedError: Se esperaba SaldoInsuficienteException, pero se lanzó edu.uclm.esi.iso2.banco20193capas.exceptions.ImporteInvalidoException: El importe -1.0 no es válido para esta operación
	at edu.uclm.esi.iso2.banco20193capas.TestCuentaConFixtures.testSaldoInsuficienteException70_A(TestCuentaConFixtures.java:1898)
</failure>
  </testcase>
  <testcase name="testSaldoInsuficienteException71_A" classname="edu.uclm.esi.iso2.banco20193capas.TestCuentaConFixtures" time="0.031">
    <failure message="Se esperaba SaldoInsuficienteException, pero se lanzó edu.uclm.esi.iso2.banco20193capas.exceptions.ImporteInvalidoException: El importe -1.0 no es válido para esta operación" type="junit.framework.AssertionFailedError">junit.framework.AssertionFailedError: Se esperaba SaldoInsuficienteException, pero se lanzó edu.uclm.esi.iso2.banco20193capas.exceptions.ImporteInvalidoException: El importe -1.0 no es válido para esta operación
	at edu.uclm.esi.iso2.banco20193capas.TestCuentaConFixtures.testSaldoInsuficienteException71_A(TestCuentaConFixtures.java:1941)
</failure>
  </testcase>
  <testcase name="testSaldoInsuficienteException72_A" classname="edu.uclm.esi.iso2.banco20193capas.TestCuentaConFixtures" time="0.047">
    <failure message="Se esperaba SaldoInsuficienteException, pero se lanzó edu.uclm.esi.iso2.banco20193capas.exceptions.ImporteInvalidoException: El importe -1.0 no es válido para esta operación" type="junit.framework.AssertionFailedError">junit.framework.AssertionFailedError: Se esperaba SaldoInsuficienteException, pero se lanzó edu.uclm.esi.iso2.banco20193capas.exceptions.ImporteInvalidoException: El importe -1.0 no es válido para esta operación
	at edu.uclm.esi.iso2.banco20193capas.TestCuentaConFixtures.testSaldoInsuficienteException72_A(TestCuentaConFixtures.java:1984)
</failure>
  </testcase>
  <testcase name="testSaldoInsuficienteException73_A" classname="edu.uclm.esi.iso2.banco20193capas.TestCuentaConFixtures" time="0.031">
    <failure message="Se esperaba SaldoInsuficienteException, pero se lanzó edu.uclm.esi.iso2.banco20193capas.exceptions.ImporteInvalidoException: El importe -1.0 no es válido para esta operación" type="junit.framework.AssertionFailedError">junit.framework.AssertionFailedError: Se esperaba SaldoInsuficienteException, pero se lanzó edu.uclm.esi.iso2.banco20193capas.exceptions.ImporteInvalidoException: El importe -1.0 no es válido para esta operación
	at edu.uclm.esi.iso2.banco20193capas.TestCuentaConFixtures.testSaldoInsuficienteException73_A(TestCuentaConFixtures.java:2027)
</failure>
  </testcase>
  <testcase name="testSaldoInsuficienteException74_A" classname="edu.uclm.esi.iso2.banco20193capas.TestCuentaConFixtures" time="0.031">
    <failure message="Se esperaba SaldoInsuficienteException, pero se lanzó edu.uclm.esi.iso2.banco20193capas.exceptions.ImporteInvalidoException: El importe -1.0 no es válido para esta operación" type="junit.framework.AssertionFailedError">junit.framework.AssertionFailedError: Se esperaba SaldoInsuficienteException, pero se lanzó edu.uclm.esi.iso2.banco20193capas.exceptions.ImporteInvalidoException: El importe -1.0 no es válido para esta operación
	at edu.uclm.esi.iso2.banco20193capas.TestCuentaConFixtures.testSaldoInsuficienteException74_A(TestCuentaConFixtures.java:2070)
</failure>
  </testcase>
</testsuite>