<?xml version="1.0" encoding="UTF-8"?>
<testsuite xmlns:xsi="http://www.w3.org/2001/XMLSchema-instance" xsi:noNamespaceSchemaLocation="https://maven.apache.org/surefire/maven-surefire-plugin/xsd/surefire-test-report.xsd" name="edu.uclm.esi.iso2.banco20193capas.TestCuentaConFixtures" time="5.789" tests="75" errors="0" skipped="0" failures="0">
  <properties>
[...]
</properties>
  <testcase name="testNormal13" classname="edu.uclm.esi.iso2.banco20193capas.TestCuentaConFixtures" time="0.153"/>
  <testcase name="testNormal14" classname="edu.uclm.esi.iso2.banco20193capas.TestCuentaConFixtures" time="0.197"/>
  <testcase name="testNormal17" classname="edu.uclm.esi.iso2.banco20193capas.TestCuentaConFixtures" time="0.186"/>
  <testcase name="testNormal18" classname="edu.uclm.esi.iso2.banco20193capas.TestCuentaConFixtures" time="0.205"/>
  <testcase name="testSaldoInsuficienteException19" classname="edu.uclm.esi.iso2.banco20193capas.TestCuentaConFixtures" time="0.122"/>
  <testcase name="testSaldoInsuficienteException20" classname="edu.uclm.esi.iso2.banco20193capas.TestCuentaConFixtures" time="0.128"/>
  <testcase name="testSaldoInsuficienteException42" classname="edu.uclm.esi.iso2.banco20193capas.TestCuentaConFixtures" time="0.118"/>
  <testcase name="testSaldoInsuficienteException43" classname="edu.uclm.esi.iso2.banco20193capas.TestCuentaConFixtures" time="0.13"/>
  <testcase name="testImporteInvalido1" classname="edu.uclm.esi.iso2.banco20193capas.TestCuentaConFixtures" time="0.153"/>
  <testcase name="testImporteInvalido2" classname="edu.uclm.esi.iso2.banco20193capas.TestCuentaConFixtures" time="0.109"/>
  <testcase name="testImporteInvalido3" classname="edu.uclm.esi.iso2.banco20193capas.TestCuentaConFixtures" time="0.101"/>
  <testcase name="testImporteInvalido4" classname="edu.uclm.esi.iso2.banco20193capas.TestCuentaConFixtures" time="0.09"/>
  <testcase name="testImporteInvalido5" classname="edu.uclm.esi.iso2.banco20193capas.TestCuentaConFixtures" time="0.084"/>
  <testcase name="testImporteInvalido6" classname="edu.uclm.esi.iso2.banco20193capas.TestCuentaConFixtures" time="0.092"/>
  <testcase name="testImporteInvalido7" classname="edu.uclm.esi.iso2.banco20193capas.TestCuentaConFixtures" time="0.16"/>
  <testcase name="testImporteInvalido8" classname="edu.uclm.esi.iso2.banco20193capas.TestCuentaConFixtures" time="0.076"/>
  <testcase name="testImporteInvalido9" classname="edu.uclm.esi.iso2.banco20193capas.TestCuentaConFixtures" time="0.079"/>
  <testcase name="testImporteInvalido12" classname="edu.uclm.esi.iso2.banco20193capas.TestCuentaConFixtures" time="0.082"/>
  <testcase name="testImporteInvalido15" classname="edu.uclm.esi.iso2.banco20193capas.TestCuentaConFixtures" time="0.08"/>
  <testcase name="testImporteInvalido21" classname="edu.uclm.esi.iso2.banco20193capas.TestCuentaConFixtures" time="0.064"/>
  <testcase name="testImporteInvalido22" classname="edu.uclm.esi.iso2.banco20193capas.TestCuentaConFixtures" time="0.073"/>
  <testcase name="testImporteInvalido23" classname="edu.uclm.esi.iso2.banco20193capas.TestCuentaConFixtures" time="0.093"/>
  <testcase name="testImporteInvalido24" classname="edu.uclm.esi.iso2.banco20193capas.TestCuentaConFixtures" time="0.092"/>
  <testcase name="testImporteInvalido25" classname="edu.uclm.esi.iso2.banco20193capas.TestCuentaConFixtures" time="0.08"/>
  <testcase name="testImporteInvalido26" classname="edu.uclm.esi.iso2.banco20193capas.TestCuentaConFixtures" time="0.068"/>
  <testcase name="testImporteInvalido29" classname="edu.uclm.esi.iso2.banco20193capas.TestCuentaConFixtures" time="0.066"/>
  <testcase name="testImporteInvalido30" classname="edu.uclm.esi.iso2.banco20193capas.TestCuentaConFixtures" time="0.061"/>
  <testcase name="testImporteInvalido31" classname="edu.uclm.esi.iso2.banco20193capas.TestCuentaConFixtures" time="0.061"/>
  <testcase name="testImporteInvalido36" classname="edu.uclm.esi.iso2.banco20193capas.TestCuentaConFixtures" time="0.103"/>
  <testcase name="testImporteInvalido37" classname="edu.uclm.esi.iso2.banco20193capas.TestCuentaConFixtures" time="0.094"/>
  <testcase name="testImporteInvalido38" classname="edu.uclm.esi.iso2.banco20193capas.TestCuentaConFixtures" time="0.099"/>
  <testcase name="testImporteInvalido41" classname="edu.uclm.esi.iso2.banco20193capas.TestCuentaConFixtures" time="0.065"/>
  <testcase name="testImporteInvalido46" classname="edu.uclm.esi.iso2.banco20193capas.TestCuentaConFixtures" time="0.07"/>
  <testcase name="testImporteInvalido47" classname="edu.uclm.esi.iso2.banco20193capas.TestCuentaConFixtures" time="0.076"/>
  <testcase name="testImporteInvalido48" classname="edu.uclm.esi.iso2.banco20193capas.TestCuentaConFixtures" time="0.087"/>
  <testcase name="testImporteInvalido49" classname="edu.uclm.esi.iso2.banco20193capas.TestCuentaConFixtures" time="0.059"/>
  <testcase name="testImporteInvalido50" classname="edu.uclm.esi.iso2.banco20193capas.TestCuentaConFixtures" time="0.053"/>
  <testcase name="testImporteInvalido51" classname="edu.uclm.esi.iso2.banco20193capas.TestCuentaConFixtures" time="0.042"/>
  <testcase name="testImporteInvalido54" classname="edu.uclm.esi.iso2.banco20193capas.TestCuentaConFixtures" time="0.05"/>
  <testcase name="testImporteInvalido55" classname="edu.uclm.esi.iso2.banco20193capas.TestCuentaConFixtures" time="0.065"/>
  <testcase name="testImporteInvalido61" classname="edu.uclm.esi.iso2.banco20193capas.TestCuentaConFixtures" time="0.064"/>
  <testcase name="testImporteInvalido62" classname="edu.uclm.esi.iso2.banco20193capas.TestCuentaConFixtures" time="0.069"/>
  <testcase name="testImporteInvalido66" classname="edu.uclm.esi.iso2.banco20193capas.TestCuentaConFixtures" time="0.06"/>
  <testcase name="testImporteInvalido75" classname="edu.uclm.esi.iso2.banco20193capas.TestCuentaConFixtures" time="0.043"/>
  <testcase name="testImporteInvalido10_B" classname="edu.uclm.esi.iso2.banco20193capas.TestCuentaConFixtures" time="0.044"/>
  <testcase name="testImporteInvalido11_B" classname="edu.uclm.esi.iso2.banco20193capas.TestCuentaConFixtures" time="0.052"/>
  <testcase name="testImporteInvalido16_B" classname="edu.uclm.esi.iso2.banco20193capas.TestCuentaConFixtures" time="0.051"/>
  <testcase name="testImporteInvalido27_B" classname="edu.uclm.esi.iso2.banco20193capas.TestCuentaConFixtures" time="0.073"/>
  <testcase name="testImporteInvalido28_B" classname="edu.uclm.esi.iso2.banco20193capas.TestCuentaConFixtures" time="0.076"/>
  <testcase name="testImporteInvalido32_B" classname="edu.uclm.esi.iso2.banco20193capas.TestCuentaConFixtures" time="0.078"/>
  <testcase name="testImporteInvalido33_B" classname="edu.uclm.esi.iso2.banco20193capas.TestCuentaConFixtures" time="0.063"/>
  <testcase name="testImporteInvalido34_B" classname="edu.uclm.esi.iso2.banco20193capas.TestCuentaConFixtures" time="0.042"/>
  <testcase name="testImporteInvalido35_B" classname="edu.uclm.esi.iso2.banco20193capas.TestCuentaConFixtures" time="0.049"/>
  <testcase name="testImporteInvalido40_B" classname="edu.uclm.esi.iso2.banco20193capas.TestCuentaConFixtures" time="0.04"/>
  <testcase name="testImporteInvalido44_B" classname="edu.uclm.esi.iso2.banco20193capas.TestCuentaConFixtures" time="0.041"/>
  <testcase name="testImporteInvalido45_B" classname="edu.uclm.esi.iso2.banco20193capas.TestCuentaConFixtures" time="0.067"/>
  <testcase name="testImporteInvalido52_B" classname="edu.uclm.esi.iso2.banco20193capas.TestCuentaConFixtures" time="0.047"/>
  <testcase name="testImporteInvalido53_B" classname="edu.uclm.esi.iso2.banco20193capas.TestCuentaConFixtures" time="0.059"/>
  <testcase name="testImporteInvalido56_B" classname="edu.uclm.esi.iso2.banco20193capas.TestCuentaConFixtures" time="0.049"/>
  <testcase name="testImporteInvalido57_B" classname="edu.uclm.esi.iso2.banco20193capas.TestCuentaConFixtures" time="0.049"/>
  <testcase name="testImporteInvalido58_B" classname="edu.uclm.esi.iso2.banco20193capas.TestCuentaConFixtures" time="0.043"/>
  <testcase name="testImporteInvalido59_B" classname="edu.uclm.esi.iso2.banco20193capas.TestCuentaConFixtures" time="0.036"/>
  <testcase name="testImporteInvalido60_B" classname="edu.uclm.esi.iso2.banco20193capas.TestCuentaConFixtures" time="0.049"/>
  <testcase name="testImporteInvalido63_B" classname="edu.uclm.esi.iso2.banco20193capas.TestCuentaConFixtures" time="0.049"/>
  <testcase name="testImporteInvalido65_B" classname="edu.uclm.esi.iso2.banco20193capas.TestCuentaConFixtures" time="0.043"/>
  <testcase name="testImporteInvalido69_B" classname="edu.uclm.esi.iso2.banco20193capas.TestCuentaConFixtures" time="0.035"/>
  <testcase name="testImporteInvalido70_B" classname="edu.uclm.esi.iso2.banco20193capas.TestCuentaConFixtures" time="0.039"/>
  <testcase name="testImporteInvalido71_B" classname="edu.uclm.esi.iso2.banco20193capas.TestCuentaConFixtures" time="0.036"/>
  <testcase name="testImporteInvalido72_B" classname="edu.uclm.esi.iso2.banco20193capas.TestCuentaConFixtures" time="0.039"/>
  <testcase name="testImporteInvalido73_B" classname="edu.uclm.esi.iso2.banco20193capas.TestCuentaConFixtures" time="0.05"/>
  <testcase name="testImporteInvalido74_B" classname="edu.uclm.esi.iso2.banco20193capas.TestCuentaConFixtures" time="0.049"/>
  <testcase name="testSaldoInsuficienteException39_A" classname="edu.uclm.esi.iso2.banco20193capas.TestCuentaConFixtures" time="0.048"/>
  <testcase name="testSaldoInsuficienteException64_A" classname="edu.uclm.esi.iso2.banco20193capas.TestCuentaConFixtures" time="0.053"/>
  <testcase name="testSaldoInsuficienteException67_A" classname="edu.uclm.esi.iso2.banco20193capas.TestCuentaConFixtures" time="0.059"/>
  <testcase name="testSaldoInsuficienteException68_A" classname="edu.uclm.esi.iso2.banco20193capas.TestCuentaConFixtures" time="0.068"/>
</testsuite>